<?xml version="1.0" encoding="UTF-8"?>
<!-- Generated by org.testng.reporters.JUnitXMLReporter -->
<testsuite ignored="0" hostname="DESKTOP-JI62TLU" failures="0" tests="3" name="SearchTest" time="115.58" errors="0" timestamp="30 Jan 2020 12:31:33 GMT">
  <testcase classname="com.automation.cruclub.testcases.SearchTest" name="searchTest" time="53.079"/>
  <testcase classname="com.automation.cruclub.testcases.SearchTest" name="searchTest" time="106.236"/>
  <testcase classname="com.automation.cruclub.testcases.SearchTest" name="searchTest" time="113.355"/>
</testsuite> <!-- SearchTest -->
