<?xml version="1.0" encoding="UTF-8"?>
<!-- Generated by org.testng.reporters.JUnitXMLReporter -->
<testsuite ignored="0" hostname="DESKTOP-JI62TLU" failures="0" tests="3" name="Test1" time="62.27" errors="0" timestamp="30 Jan 2020 11:39:34 GMT">
  <testcase classname="com.automation.cruclub.testcases.SearchTest" name="searchTest" time="42.397"/>
  <testcase classname="com.automation.cruclub.testcases.SearchTest" name="searchTest" time="58.116"/>
  <testcase classname="com.automation.cruclub.testcases.SearchTest" name="searchTest" time="59.946"/>
</testsuite> <!-- Test1 -->
