<?xml version="1.0" encoding="UTF-8"?>
<testsuite xmlns:xsi="http://www.w3.org/2001/XMLSchema-instance" xsi:noNamespaceSchemaLocation="https://maven.apache.org/surefire/maven-surefire-plugin/xsd/surefire-test-report-3.0.xsd" version="3.0" name="TestSuite" time="112.685" tests="3" errors="0" skipped="0" failures="2">
  <properties>
[...]
</properties>
  <testcase name="searchTest" classname="com.automation.cruclub.rough.SearchTest" time="71.747">
    <failure message="Failed to decode response from marionette&#10;Build info: version: &apos;3.141.59&apos;, revision: &apos;e82be7d358&apos;, time: &apos;2018-11-14T08:17:03&apos;&#10;System info: host: &apos;DESKTOP-JI62TLU&apos;, ip: &apos;192.168.1.44&apos;, os.name: &apos;Windows 10&apos;, os.arch: &apos;amd64&apos;, os.version: &apos;10.0&apos;, java.version: &apos;11.0.2&apos;&#10;Driver info: org.openqa.selenium.remote.RemoteWebDriver&#10;Capabilities {acceptInsecureCerts: true, browserName: firefox, browserVersion: 72.0.2, javascriptEnabled: true, moz:accessibilityChecks: false, moz:buildID: 20200117190643, moz:geckodriverVersion: 0.26.0, moz:headless: false, moz:processID: 13436, moz:profile: C:\Users\admin\AppData\Loca..., moz:shutdownTimeout: 60000, moz:useNonSpecCompliantPointerOrigin: false, moz:webdriverClick: true, pageLoadStrategy: normal, platform: WINDOWS, platformName: WINDOWS, platformVersion: 10.0, rotatable: false, setWindowRect: true, strictFileInteractability: false, timeouts: {implicit: 0, pageLoad: 300000, script: 30000}, unhandledPromptBehavior: dismiss and notify, webdriver.remote.sessionid: d3443dd3-6b71-45d2-958e-5d9...}&#10;Session ID: d3443dd3-6b71-45d2-958e-5d929c3725d4&#10;*** Element info: {Using=id, value=drpSortBy}" type="org.openqa.selenium.WebDriverException">org.openqa.selenium.WebDriverException: 
Failed to decode response from marionette
Build info: version: '3.141.59', revision: 'e82be7d358', time: '2018-11-14T08:17:03'
System info: host: 'DESKTOP-JI62TLU', ip: '192.168.1.44', os.name: 'Windows 10', os.arch: 'amd64', os.version: '10.0', java.version: '11.0.2'
Driver info: org.openqa.selenium.remote.RemoteWebDriver
Capabilities {acceptInsecureCerts: true, browserName: firefox, browserVersion: 72.0.2, javascriptEnabled: true, moz:accessibilityChecks: false, moz:buildID: 20200117190643, moz:geckodriverVersion: 0.26.0, moz:headless: false, moz:processID: 13436, moz:profile: C:\Users\admin\AppData\Loca..., moz:shutdownTimeout: 60000, moz:useNonSpecCompliantPointerOrigin: false, moz:webdriverClick: true, pageLoadStrategy: normal, platform: WINDOWS, platformName: WINDOWS, platformVersion: 10.0, rotatable: false, setWindowRect: true, strictFileInteractability: false, timeouts: {implicit: 0, pageLoad: 300000, script: 30000}, unhandledPromptBehavior: dismiss and notify, webdriver.remote.sessionid: d3443dd3-6b71-45d2-958e-5d9...}
Session ID: d3443dd3-6b71-45d2-958e-5d929c3725d4
*** Element info: {Using=id, value=drpSortBy}
	at com.automation.cruclub.rough.SearchTest.searchTest(SearchTest.java:25)
</failure>
    <system-out><![CDATA[searchTest
Total rows are : 5
Test case starts from row num: 1
Total rows of data are : 3
Total cols are : 2
]]></system-out>
    <system-err><![CDATA[SLF4J: Failed to load class "org.slf4j.impl.StaticLoggerBinder".
SLF4J: Defaulting to no-operation (NOP) logger implementation
SLF4J: See http://www.slf4j.org/codes.html#StaticLoggerBinder for further details.
10:26:54.629 INFO [GridLauncherV3.parse] - Selenium server version: 3.141.59, revision: e82be7d358
10:26:54.796 INFO [GridLauncherV3.lambda$buildLaunchers$5] - Launching Selenium Grid hub on port 4444
10:26:56.053 INFO [Hub.start] - Selenium Grid hub is up and running
10:26:56.054 INFO [Hub.start] - Nodes should register to http://192.168.1.44:4444/grid/register/
10:26:56.055 INFO [Hub.start] - Clients should connect to http://192.168.1.44:4444/wd/hub
10:26:56.069 INFO [GridLauncherV3.parse] - Selenium server version: 3.141.59, revision: e82be7d358
10:26:56.116 INFO [GridLauncherV3.lambda$buildLaunchers$7] - Launching a Selenium Grid node on port 5555
10:26:56.802 INFO [WebDriverServlet.<init>] - Initialising WebDriverServlet
10:26:56.880 INFO [SeleniumServer.boot] - Selenium Server is up and running on port 5555
10:26:56.881 INFO [GridLauncherV3.lambda$buildLaunchers$7] - Selenium Grid node is up and ready to register to the hub
10:26:57.257 INFO [SelfRegisteringRemote$1.run] - Starting auto registration thread. Will try to register every 5000 ms.
10:26:57.263 INFO [GridLauncherV3.parse] - Selenium server version: 3.141.59, revision: e82be7d358
10:26:57.263 INFO [GridLauncherV3.lambda$buildLaunchers$7] - Launching a Selenium Grid node on port 5556
10:26:57.538 INFO [SelfRegisteringRemote.registerToHub] - Registering the node to the hub: http://localhost:4444/grid/register
10:26:57.996 INFO [WebDriverServlet.<init>] - Initialising WebDriverServlet
10:26:58.017 INFO [SelfRegisteringRemote.registerToHub] - The node is registered to the hub and ready to use
10:26:58.020 INFO [DefaultGridRegistry.add] - Registered a node http://192.168.1.44:5555
10:26:58.021 INFO [SeleniumServer.boot] - Selenium Server is up and running on port 5556
10:26:58.023 INFO [GridLauncherV3.lambda$buildLaunchers$7] - Selenium Grid node is up and ready to register to the hub
10:26:58.237 INFO [SelfRegisteringRemote$1.run] - Starting auto registration thread. Will try to register every 5000 ms.
10:26:58.259 INFO [SelfRegisteringRemote.registerToHub] - Registering the node to the hub: http://localhost:4444/grid/register
10:26:58.631 INFO [SelfRegisteringRemote.registerToHub] - The node is registered to the hub and ready to use
10:26:58.633 INFO [DefaultGridRegistry.add] - Registered a node http://192.168.1.44:5556
10:27:00.278 INFO [DesiredCapabilities.chrome] - Using `new ChromeOptions()` is preferred to `DesiredCapabilities.chrome()`
10:27:00.289 INFO [DesiredCapabilities.chrome] - Using `new ChromeOptions()` is preferred to `DesiredCapabilities.chrome()`
10:27:00.330 INFO [DesiredCapabilities.firefox] - Using `new FirefoxOptions()` is preferred to `DesiredCapabilities.firefox()`
10:27:00.569 INFO [RequestHandler.process] - Got a request to create a new session: Capabilities {browserName: chrome, version: }
10:27:00.570 INFO [RequestHandler.process] - Got a request to create a new session: Capabilities {acceptInsecureCerts: true, browserName: firefox, version: }
10:27:00.571 INFO [RequestHandler.process] - Got a request to create a new session: Capabilities {browserName: chrome, version: }
10:27:00.596 INFO [TestSlot.getNewSession] - Trying to create a new session on test slot {server:CONFIG_UUID=c4d6bb99-cdaa-4bc1-ac58-331bcdc4a730, seleniumProtocol=WebDriver, browserName=chrome, maxInstances=5, platformName=WIN10, platform=WIN10}
10:27:00.606 INFO [TestSlot.getNewSession] - Trying to create a new session on test slot {server:CONFIG_UUID=b16aea79-4c3e-4720-84e3-ecd44bff45ab, seleniumProtocol=WebDriver, browserName=firefox, maxInstances=5, platformName=WIN10, platform=WIN10}
10:27:00.611 INFO [TestSlot.getNewSession] - Trying to create a new session on test slot {server:CONFIG_UUID=c4d6bb99-cdaa-4bc1-ac58-331bcdc4a730, seleniumProtocol=WebDriver, browserName=chrome, maxInstances=5, platformName=WIN10, platform=WIN10}
10:27:00.743 INFO [ActiveSessionFactory.apply] - Capabilities are: {
  "browserName": "chrome",
  "goog:chromeOptions": {
  },
  "version": ""
}
10:27:00.746 INFO [ActiveSessionFactory.apply] - Capabilities are: {
  "acceptInsecureCerts": true,
  "browserName": "firefox",
  "version": ""
}
10:27:00.746 INFO [ActiveSessionFactory.apply] - Capabilities are: {
  "browserName": "chrome",
  "goog:chromeOptions": {
  },
  "version": ""
}
10:27:00.753 INFO [ActiveSessionFactory.lambda$apply$11] - Matched factory org.openqa.selenium.grid.session.remote.ServicedSession$Factory (provider: org.openqa.selenium.chrome.ChromeDriverService)
10:27:00.753 INFO [ActiveSessionFactory.lambda$apply$11] - Matched factory org.openqa.selenium.grid.session.remote.ServicedSession$Factory (provider: org.openqa.selenium.chrome.ChromeDriverService)
10:27:00.753 INFO [ActiveSessionFactory.lambda$apply$11] - Matched factory org.openqa.selenium.grid.session.remote.ServicedSession$Factory (provider: org.openqa.selenium.firefox.GeckoDriverService)
Starting ChromeDriver 79.0.3945.36 (3582db32b33893869b8c1339e8f4d9ed1816f143-refs/branch-heads/3945@{#614}) on port 11125
Only local connections are allowed.
Please protect ports used by ChromeDriver and related test frameworks to prevent access by malicious code.
Starting ChromeDriver 79.0.3945.36 (3582db32b33893869b8c1339e8f4d9ed1816f143-refs/branch-heads/3945@{#614}) on port 12751
Only local connections are allowed.
Please protect ports used by ChromeDriver and related test frameworks to prevent access by malicious code.
1580369221487	mozrunner::runner	INFO	Running command: "C:\\Program Files\\Mozilla Firefox\\firefox.exe" "-marionette" "-foreground" "-no-remote" "-profile" "C:\\Users\\admin\\AppData\\Local\\Temp\\rust_mozprofileO8IgMb"
1580369223710	addons.webextension.doh-rollout@mozilla.org	WARN	Loading extension 'doh-rollout@mozilla.org': Reading manifest: Invalid extension permission: networkStatus
10:27:04.654 INFO [ProtocolHandshake.createSession] - Detected dialect: W3C
10:27:04.701 INFO [RemoteSession$Factory.lambda$performHandshake$0] - Started new session ae4f97299771a7c7635ff9982841fc3e (org.openqa.selenium.chrome.ChromeDriverService)
10:27:04.785 INFO [ProtocolHandshake.createSession] - Detected dialect: W3C
1580369224950	addons.webextension.screenshots@mozilla.org	WARN	Loading extension 'screenshots@mozilla.org': Reading manifest: Invalid extension permission: mozillaAddons
1580369224960	addons.webextension.screenshots@mozilla.org	WARN	Loading extension 'screenshots@mozilla.org': Reading manifest: Invalid extension permission: telemetry
1580369224961	addons.webextension.screenshots@mozilla.org	WARN	Loading extension 'screenshots@mozilla.org': Reading manifest: Invalid extension permission: resource://pdf.js/
1580369224961	addons.webextension.screenshots@mozilla.org	WARN	Loading extension 'screenshots@mozilla.org': Reading manifest: Invalid extension permission: about:reader*
10:27:06.004 INFO [ProtocolHandshake.createSession] - Detected dialect: W3C
10:27:06.008 INFO [RemoteSession$Factory.lambda$performHandshake$0] - Started new session e2c66b9557e1c7e210ef5db5b2ae6bf8 (org.openqa.selenium.chrome.ChromeDriverService)
10:27:06.029 INFO [ProtocolHandshake.createSession] - Detected dialect: W3C
JavaScript error: resource://gre/modules/XULStore.jsm, line 66: Error: Can't find profile directory.
1580369242773	Marionette	INFO	Listening on port 51820
1580369243131	Marionette	WARN	TLS certificate errors will be ignored for this session
10:27:23.726 INFO [ProtocolHandshake.createSession] - Detected dialect: W3C
10:27:23.733 INFO [RemoteSession$Factory.lambda$performHandshake$0] - Started new session d3443dd3-6b71-45d2-958e-5d929c3725d4 (org.openqa.selenium.firefox.GeckoDriverService)
10:27:23.752 INFO [ProtocolHandshake.createSession] - Detected dialect: W3C
JavaScript warning: https://www.cruclub.ru/toolkit/js/other/moment.2.10.3.min.js, line 6: unreachable code after return statement
1580369269404	Marionette	WARN	TimedPromise timed out after 500 ms: stacktrace:
bail@chrome://marionette/content/sync.js:237:64
A content process crashed and MOZ_CRASHREPORTER_SHUTDOWN is set, shutting down
IPDL protocol error: Handler returned error code!

###!!! [Parent][DispatchAsyncMessage] Error: PLayerTransaction::Msg_ReleaseLayer Processing error: message was deserialized, but the handler returned false (indicating failure)

IPDL protocol error: Handler returned error code!

###!!! [Parent][DispatchAsyncMessage] Error: PLayerTransaction::Msg_ReleaseLayer Processing error: message was deserialized, but the handler returned false (indicating failure)

IPDL protocol error: Handler returned error code!

###!!! [Parent][DispatchAsyncMessage] Error: PLayerTransaction::Msg_ReleaseLayer Processing error: message was deserialized, but the handler returned false (indicating failure)

IPDL protocol error: Handler returned error code!

###!!! [Parent][DispatchAsyncMessage] Error: PLayerTransaction::Msg_ReleaseLayer Processing error: message was deserialized, but the handler returned false (indicating failure)

IPDL protocol error: Handler returned error code!

###!!! [Parent][DispatchAsyncMessage] Error: PLayerTransaction::Msg_ReleaseLayer Processing error: message was deserialized, but the handler returned false (indicating failure)

JavaScript error: https://ajax.googleapis.com/ajax/libs/jquery/1.7.1/jquery.min.js, line 2: NS_ERROR_NOT_INITIALIZED: 
1580369278708	Marionette	INFO	Stopped listening on port 51820

###!!! [Child][RunMessage] Error: Channel closing: too late to send/recv, messages will be lost


###!!! [Child][MessageChannel::SendAndWait] Error: Channel error: cannot send/recv

JavaScript error: resource://gre/modules/osfile/osfile_async_front.jsm, line 426: Error: OS.File has been shut down. Rejecting post to stat
]]></system-err>
  </testcase>
  <testcase name="searchTest" classname="com.automation.cruclub.rough.SearchTest" time="94.158"/>
  <testcase name="searchTest" classname="com.automation.cruclub.rough.SearchTest" time="96.616">
    <failure message="java.util.concurrent.ExecutionException: org.openqa.selenium.NoSuchSessionException: Tried to run command without establishing a connection&#10;Build info: version: &apos;3.141.59&apos;, revision: &apos;e82be7d358&apos;, time: &apos;2018-11-14T08:17:03&apos;&#10;System info: host: &apos;DESKTOP-JI62TLU&apos;, ip: &apos;192.168.1.44&apos;, os.name: &apos;Windows 10&apos;, os.arch: &apos;amd64&apos;, os.version: &apos;10.0&apos;, java.version: &apos;11.0.2&apos;&#10;Driver info: org.openqa.selenium.remote.RemoteWebDriver&#10;Capabilities {acceptInsecureCerts: true, browserName: firefox, browserVersion: 72.0.2, javascriptEnabled: true, moz:accessibilityChecks: false, moz:buildID: 20200117190643, moz:geckodriverVersion: 0.26.0, moz:headless: false, moz:processID: 13436, moz:profile: C:\Users\admin\AppData\Loca..., moz:shutdownTimeout: 60000, moz:useNonSpecCompliantPointerOrigin: false, moz:webdriverClick: true, pageLoadStrategy: normal, platform: WINDOWS, platformName: WINDOWS, platformVersion: 10.0, rotatable: false, setWindowRect: true, strictFileInteractability: false, timeouts: {implicit: 0, pageLoad: 300000, script: 30000}, unhandledPromptBehavior: dismiss and notify, webdriver.remote.sessionid: d3443dd3-6b71-45d2-958e-5d9...}&#10;Session ID: d3443dd3-6b71-45d2-958e-5d929c3725d4" type="org.testng.TestNGException">org.testng.TestNGException: 
java.util.concurrent.ExecutionException: org.openqa.selenium.NoSuchSessionException: Tried to run command without establishing a connection
Build info: version: '3.141.59', revision: 'e82be7d358', time: '2018-11-14T08:17:03'
System info: host: 'DESKTOP-JI62TLU', ip: '192.168.1.44', os.name: 'Windows 10', os.arch: 'amd64', os.version: '10.0', java.version: '11.0.2'
Driver info: org.openqa.selenium.remote.RemoteWebDriver
Capabilities {acceptInsecureCerts: true, browserName: firefox, browserVersion: 72.0.2, javascriptEnabled: true, moz:accessibilityChecks: false, moz:buildID: 20200117190643, moz:geckodriverVersion: 0.26.0, moz:headless: false, moz:processID: 13436, moz:profile: C:\Users\admin\AppData\Loca..., moz:shutdownTimeout: 60000, moz:useNonSpecCompliantPointerOrigin: false, moz:webdriverClick: true, pageLoadStrategy: normal, platform: WINDOWS, platformName: WINDOWS, platformVersion: 10.0, rotatable: false, setWindowRect: true, strictFileInteractability: false, timeouts: {implicit: 0, pageLoad: 300000, script: 30000}, unhandledPromptBehavior: dismiss and notify, webdriver.remote.sessionid: d3443dd3-6b71-45d2-958e-5d9...}
Session ID: d3443dd3-6b71-45d2-958e-5d929c3725d4
Caused by: java.util.concurrent.ExecutionException: 
org.openqa.selenium.NoSuchSessionException: Tried to run command without establishing a connection
Build info: version: '3.141.59', revision: 'e82be7d358', time: '2018-11-14T08:17:03'
System info: host: 'DESKTOP-JI62TLU', ip: '192.168.1.44', os.name: 'Windows 10', os.arch: 'amd64', os.version: '10.0', java.version: '11.0.2'
Driver info: org.openqa.selenium.remote.RemoteWebDriver
Capabilities {acceptInsecureCerts: true, browserName: firefox, browserVersion: 72.0.2, javascriptEnabled: true, moz:accessibilityChecks: false, moz:buildID: 20200117190643, moz:geckodriverVersion: 0.26.0, moz:headless: false, moz:processID: 13436, moz:profile: C:\Users\admin\AppData\Loca..., moz:shutdownTimeout: 60000, moz:useNonSpecCompliantPointerOrigin: false, moz:webdriverClick: true, pageLoadStrategy: normal, platform: WINDOWS, platformName: WINDOWS, platformVersion: 10.0, rotatable: false, setWindowRect: true, strictFileInteractability: false, timeouts: {implicit: 0, pageLoad: 300000, script: 30000}, unhandledPromptBehavior: dismiss and notify, webdriver.remote.sessionid: d3443dd3-6b71-45d2-958e-5d9...}
Session ID: d3443dd3-6b71-45d2-958e-5d929c3725d4
Caused by: org.openqa.selenium.NoSuchSessionException: 
Tried to run command without establishing a connection
Build info: version: '3.141.59', revision: 'e82be7d358', time: '2018-11-14T08:17:03'
System info: host: 'DESKTOP-JI62TLU', ip: '192.168.1.44', os.name: 'Windows 10', os.arch: 'amd64', os.version: '10.0', java.version: '11.0.2'
Driver info: org.openqa.selenium.remote.RemoteWebDriver
Capabilities {acceptInsecureCerts: true, browserName: firefox, browserVersion: 72.0.2, javascriptEnabled: true, moz:accessibilityChecks: false, moz:buildID: 20200117190643, moz:geckodriverVersion: 0.26.0, moz:headless: false, moz:processID: 13436, moz:profile: C:\Users\admin\AppData\Loca..., moz:shutdownTimeout: 60000, moz:useNonSpecCompliantPointerOrigin: false, moz:webdriverClick: true, pageLoadStrategy: normal, platform: WINDOWS, platformName: WINDOWS, platformVersion: 10.0, rotatable: false, setWindowRect: true, strictFileInteractability: false, timeouts: {implicit: 0, pageLoad: 300000, script: 30000}, unhandledPromptBehavior: dismiss and notify, webdriver.remote.sessionid: d3443dd3-6b71-45d2-958e-5d9...}
Session ID: d3443dd3-6b71-45d2-958e-5d929c3725d4
</failure>
  </testcase>
</testsuite>